<?xml version="1.0" encoding="UTF-8"?>
<!-- Generated by org.testng.reporters.JUnitReportReporter -->
<testsuite hostname="LAPTOP-246GM6VM" failures="0" tests="1" name="ExtendReport" time="0.535" errors="0" timestamp="2022-11-17T11:38:00 IST" skipped="0">
  <testcase classname="ExtendReport" name="login" time="0.535"/>
  <system-out/>
</testsuite> <!-- ExtendReport -->
